app/build/outputs/logs/manifest-merger-debug-report.txt
-- Merging decision tree log ---
manifest
ADDED from AndroidManifest.xml:2:1
	xmlns:android
		ADDED from AndroidManifest.xml:2:11
	package
		ADDED from AndroidManifest.xml:3:7
		INJECTED from AndroidManifest.xml:0:0
		INJECTED from AndroidManifest.xml:0:0
	android:versionName
		ADDED from AndroidManifest.xml:5:7
	android:versionCode
		ADDED from AndroidManifest.xml:4:7
		INJECTED from AndroidManifest.xml:0:0
		INJECTED from AndroidManifest.xml:0:0
supports-screens
ADDED from AndroidManifest.xml:6:2
	android:largeScreens
		ADDED from AndroidManifest.xml:6:103
	android:anyDensity
		ADDED from AndroidManifest.xml:6:20
	android:normalScreens
		ADDED from AndroidManifest.xml:6:74
	android:smallScreens
		ADDED from AndroidManifest.xml:6:46
uses-sdk
ADDED from AndroidManifest.xml:7:2
	android:targetSdkVersion
		INJECTED from AndroidManifest.xml:0:0
		INJECTED from AndroidManifest.xml:0:0
	android:minSdkVersion
		ADDED from AndroidManifest.xml:7:12
		INJECTED from AndroidManifest.xml:0:0
		INJECTED from AndroidManifest.xml:0:0
uses-feature#android.hardware.touchscreen
ADDED from AndroidManifest.xml:8:2
	android:required
		ADDED from AndroidManifest.xml:8:60
	android:name
		ADDED from AndroidManifest.xml:8:16
application
ADDED from AndroidManifest.xml:9:2
	android:label
		ADDED from AndroidManifest.xml:9:45
	android:icon
		ADDED from AndroidManifest.xml:9:15
	android:theme
		ADDED from AndroidManifest.xml:9:78
activity#com.mobilepearls.react.ReactGameActivity
ADDED from AndroidManifest.xml:10:3
	android:configChanges
		ADDED from AndroidManifest.xml:10:47
	android:name
		ADDED from AndroidManifest.xml:10:13
intent-filter#android.intent.action.MAIN+android.intent.category.LAUNCHER
ADDED from AndroidManifest.xml:11:4
action#android.intent.action.MAIN
ADDED from AndroidManifest.xml:12:5
	android:name
		ADDED from AndroidManifest.xml:12:13
category#android.intent.category.LAUNCHER
ADDED from AndroidManifest.xml:13:5
	android:name
		ADDED from AndroidManifest.xml:13:15
activity#com.mobilepearls.react.ReactHighScoresActivity
ADDED from AndroidManifest.xml:16:9
	android:theme
		ADDED from AndroidManifest.xml:16:59
	android:name
		ADDED from AndroidManifest.xml:16:19
activity#com.mobilepearls.react.ReactAboutActivity
ADDED from AndroidManifest.xml:17:9
	android:theme
		ADDED from AndroidManifest.xml:17:54
	android:name
		ADDED from AndroidManifest.xml:17:19